#
# A fatal error has been detected by the Java Runtime Environment:
#
#  EXCEPTION_ACCESS_VIOLATION (0xc0000005) at pc=0x000000006fd09575, pid=30256, tid=0x0000000000006e18
#
# JRE version: Java(TM) SE Runtime Environment (8.0_92-b14) (build 1.8.0_92-b14)
# Java VM: Java HotSpot(TM) 64-Bit Server VM (25.92-b14 mixed mode windows-amd64 compressed oops)
# Problematic frame:
# V  [jvm.dll+0x129575]
#
# Failed to write core dump. Minidumps are not enabled by default on client versions of Windows
#
# If you would like to submit a bug report, please visit:
#   http://bugreport.java.com/bugreport/crash.jsp
#

---------------  T H R E A D  ---------------

Current thread (0x000000001d8bb800):  JavaThread "JDWP Transport Listener: dt_socket" daemon [_thread_in_vm, id=28184, stack(0x000000001f240000,0x000000001f340000)]

siginfo: ExceptionCode=0xc0000005, reading address 0xffffffffffffffff

Registers:
RAX=0x000000001f33f001, RBX=0x000000001d8bb800, RCX=0x3b72657474616d72, RDX=0x0000000000000000
RSP=0x000000001f33f050, RBP=0x3b72657474616d72, RSI=0x000000001f33f168, RDI=0x0000000000489750
R8 =0x000000001d8bb800, R9 =0x000000000000ff00, R10=0x0000000000000000, R11=0x0000099703aa0002
R12=0x0000000000000000, R13=0x000000001d8c1cc8, R14=0x0000000000000000, R15=0x0000000000000000
RIP=0x000000006fd09575, EFLAGS=0x0000000000010206

Top of Stack: (sp=0x000000001f33f050)
0x000000001f33f050:   000000001f33f230 00000000202a7050
0x000000001f33f060:   000000001f33f230 000000006ff0fbab
0x000000001f33f070:   000000001d8bb800 000000006ff2c40d
0x000000001f33f080:   0000000000000000 000000006ebc9155
0x000000001f33f090:   00000000023598e0 000000006ebd291e
0x000000001f33f0a0:   000000001d8bb800 0000000000000000
0x000000001f33f0b0:   0000000000000000 0000000000000000
0x000000001f33f0c0:   3b72657474616d72 000000006ebd1a15
0x000000001f33f0d0:   000000001f33f168 000000001f33f140
0x000000001f33f0e0:   0000000000000001 00000000023598e0
0x000000001f33f0f0:   3b72657474616d72 000000006ebb53b3
0x000000001f33f100:   000000001f33f230 0000000000000001
0x000000001f33f110:   0000000000000001 00000000023598e0
0x000000001f33f120:   0000000000000002 0000000000000000
0x000000001f33f130:   0000000000000000 0000000000000000
0x000000001f33f140:   0000000000000001 000000006ebb5571 

Instructions: (pc=0x000000006fd09575)
0x000000006fd09555:   cc cc cc cc cc cc cc cc cc cc cc 48 83 ec 28 48
0x000000006fd09565:   85 c9 75 07 33 c0 48 83 c4 28 c3 48 89 5c 24 20
0x000000006fd09575:   48 8b 19 48 85 db 74 20 48 83 fb 37 74 1a 48 8b
0x000000006fd09585:   13 48 8b cb ff 52 10 84 c0 74 0d 48 8b c3 48 8b 


Register to memory mapping:

RAX=0x000000001f33f001 is pointing into the stack for thread: 0x000000001d8bb800
RBX=0x000000001d8bb800 is a thread
RCX=0x3b72657474616d72 is an unknown value
RDX=0x0000000000000000 is an unknown value
RSP=0x000000001f33f050 is pointing into the stack for thread: 0x000000001d8bb800
RBP=0x3b72657474616d72 is an unknown value
RSI=0x000000001f33f168 is pointing into the stack for thread: 0x000000001d8bb800
RDI=0x0000000000489750 is an unknown value
R8 =0x000000001d8bb800 is a thread
R9 =0x000000000000ff00 is an unknown value
R10=0x0000000000000000 is an unknown value
R11=0x0000099703aa0002 is an unknown value
R12=0x0000000000000000 is an unknown value
R13=0x000000001d8c1cc8 is an unknown value
R14=0x0000000000000000 is an unknown value
R15=0x0000000000000000 is an unknown value


Stack: [0x000000001f240000,0x000000001f340000],  sp=0x000000001f33f050,  free space=1020k
Native frames: (J=compiled Java code, j=interpreted, Vv=VM code, C=native code)
V  [jvm.dll+0x129575]
V  [jvm.dll+0x34c40d]
C  [jdwp.dll+0x21a15]
C  [jdwp.dll+0x53b3]
C  [jdwp.dll+0x5571]
C  [jdwp.dll+0xf0a8]
C  [jdwp.dll+0x1f2d5]
C  [jdwp.dll+0x1f4aa]
V  [jvm.dll+0x1bc3e8]
V  [jvm.dll+0x244314]
V  [jvm.dll+0x29b34a]
C  [msvcr100.dll+0x21d9f]
C  [msvcr100.dll+0x21e3b]
C  [kernel32.dll+0x159bd]
C  [ntdll.dll+0x2a2e1]


---------------  P R O C E S S  ---------------

Java Threads: ( => current thread )
  0x00000000204a0000 JavaThread "Swing-Shell" daemon [_thread_blocked, id=27148, stack(0x000000002da00000,0x000000002db00000)]
  0x000000002049e800 JavaThread "TimerQueue" daemon [_thread_blocked, id=26900, stack(0x000000002bcf0000,0x000000002bdf0000)]
  0x000000002049d000 JavaThread "tile-pool-7" daemon [_thread_blocked, id=30120, stack(0x000000002be10000,0x000000002bf10000)]
  0x000000002049c800 JavaThread "tile-pool-6" daemon [_thread_blocked, id=30496, stack(0x000000002bbe0000,0x000000002bce0000)]
  0x000000002049b800 JavaThread "tile-pool-5" daemon [_thread_blocked, id=30704, stack(0x000000002b7f0000,0x000000002b8f0000)]
  0x000000002049b000 JavaThread "tile-pool-4" daemon [_thread_blocked, id=29572, stack(0x000000002b950000,0x000000002ba50000)]
  0x0000000020497000 JavaThread "tile-pool-3" daemon [_thread_blocked, id=27212, stack(0x000000002b6a0000,0x000000002b7a0000)]
  0x0000000020491800 JavaThread "tile-pool-2" daemon [_thread_blocked, id=27268, stack(0x000000002b580000,0x000000002b680000)]
  0x000000002048f000 JavaThread "tile-pool-1" daemon [_thread_blocked, id=27400, stack(0x000000002b370000,0x000000002b470000)]
  0x0000000020488800 JavaThread "tile-pool-0" daemon [_thread_blocked, id=29664, stack(0x000000002b130000,0x000000002b230000)]
  0x00000000203a4800 JavaThread "D3D Screen Updater" daemon [_thread_blocked, id=29480, stack(0x000000002ae80000,0x000000002af80000)]
  0x000000000048f800 JavaThread "DestroyJavaVM" [_thread_blocked, id=28708, stack(0x0000000002570000,0x0000000002670000)]
  0x000000002021f000 JavaThread "AWT-EventQueue-0" [_thread_blocked, id=29940, stack(0x00000000224f0000,0x00000000225f0000)]
  0x0000000020176800 JavaThread "AWT-Windows" daemon [_thread_in_native, id=30324, stack(0x0000000020a30000,0x0000000020b30000)]
  0x00000000201a2800 JavaThread "AWT-Shutdown" [_thread_blocked, id=30664, stack(0x000000001f440000,0x000000001f540000)]
  0x00000000201a1800 JavaThread "Java2D Disposer" daemon [_thread_blocked, id=30572, stack(0x00000000208c0000,0x00000000209c0000)]
  0x000000001d975800 JavaThread "Service Thread" daemon [_thread_blocked, id=28360, stack(0x000000001feb0000,0x000000001ffb0000)]
  0x000000001d8f9800 JavaThread "C1 CompilerThread3" daemon [_thread_blocked, id=29844, stack(0x000000001fda0000,0x000000001fea0000)]
  0x000000001d8ee800 JavaThread "C2 CompilerThread2" daemon [_thread_blocked, id=30112, stack(0x000000001fc50000,0x000000001fd50000)]
  0x000000001d8ee000 JavaThread "C2 CompilerThread1" daemon [_thread_blocked, id=30156, stack(0x000000001fac0000,0x000000001fbc0000)]
  0x000000001d8da000 JavaThread "C2 CompilerThread0" daemon [_thread_blocked, id=30344, stack(0x000000001f970000,0x000000001fa70000)]
  0x000000001d8cc000 JavaThread "JDWP Command Reader" daemon [_thread_in_native, id=26416, stack(0x000000001f7d0000,0x000000001f8d0000)]
  0x000000001d8c9000 JavaThread "JDWP Event Helper Thread" daemon [_thread_blocked, id=25000, stack(0x000000001f670000,0x000000001f770000)]
=>0x000000001d8bb800 JavaThread "JDWP Transport Listener: dt_socket" daemon [_thread_in_vm, id=28184, stack(0x000000001f240000,0x000000001f340000)]
  0x000000001d8b2800 JavaThread "Attach Listener" daemon [_thread_blocked, id=30196, stack(0x000000001eee0000,0x000000001efe0000)]
  0x000000001d8b1800 JavaThread "Signal Dispatcher" daemon [_thread_blocked, id=29968, stack(0x000000001ec70000,0x000000001ed70000)]
  0x000000001c6f5000 JavaThread "Finalizer" daemon [_thread_blocked, id=18072, stack(0x000000001e970000,0x000000001ea70000)]
  0x000000001c6ed000 JavaThread "Reference Handler" daemon [_thread_blocked, id=30164, stack(0x000000001eaa0000,0x000000001eba0000)]

Other Threads:
  0x000000001d862800 VMThread [stack: 0x000000001e830000,0x000000001e930000] [id=28924]
  0x000000001d957800 WatcherThread [stack: 0x000000001ffb0000,0x00000000200b0000] [id=29004]

VM state:not at safepoint (normal execution)

VM Mutex/Monitor currently owned by a thread: None

Heap:
 PSYoungGen      total 276992K, used 206711K [0x000000076af80000, 0x00000007b4800000, 0x00000007c0000000)
  eden space 276480K, 74% used [0x000000076af80000,0x00000007779263c0,0x000000077bd80000)
  from space 512K, 43% used [0x00000007b4700000,0x00000007b4737a98,0x00000007b4780000)
  to   space 512K, 0% used [0x00000007b4780000,0x00000007b4780000,0x00000007b4800000)
 ParOldGen       total 129024K, used 67208K [0x00000006c0e00000, 0x00000006c8c00000, 0x000000076af80000)
  object space 129024K, 52% used [0x00000006c0e00000,0x00000006c4fa2038,0x00000006c8c00000)
 Metaspace       used 23113K, capacity 23394K, committed 23552K, reserved 1071104K
  class space    used 2453K, capacity 2525K, committed 2560K, reserved 1048576K

Card table byte_map: [0x0000000011d00000,0x0000000012500000] byte_map_base: 0x000000000e6f9000

Marking Bits: (ParMarkBitMap*) 0x00000000703f64f0
 Begin Bits: [0x0000000013570000, 0x0000000017538000)
 End Bits:   [0x0000000017538000, 0x000000001b500000)

Polling page: 0x0000000000440000

CodeCache: size=245760Kb used=14686Kb max_used=14695Kb free=231073Kb
 bounds [0x0000000002940000, 0x00000000037c0000, 0x0000000011940000]
 total_blobs=4549 nmethods=3983 adapters=484
 compilation: enabled

Compilation events (10 events):
Event: 3855.672 Thread 0x000000001d8f9800 4730       3       sun.awt.KeyboardFocusManagerPeerImpl::processSynchronousLightweightTransfer (15 bytes)
Event: 3855.672 Thread 0x000000001d8f9800 nmethod 4730 0x000000000379ce90 code [0x000000000379d000, 0x000000000379d288]
Event: 3860.091 Thread 0x000000001d8f9800 4731       3       javax.swing.plaf.metal.MetalTreeUI::paintVerticalPartOfLeg (18 bytes)
Event: 3860.091 Thread 0x000000001d8f9800 nmethod 4731 0x000000000379ca50 code [0x000000000379cbc0, 0x000000000379cdc8]
Event: 3860.091 Thread 0x000000001d8f9800 4732       3       javax.swing.plaf.basic.BasicTreeUI::paintVerticalPartOfLeg (379 bytes)
Event: 3860.093 Thread 0x000000001d8f9800 nmethod 4732 0x00000000037a8cd0 code [0x00000000037a91e0, 0x00000000037aceb8]
Event: 3860.618 Thread 0x000000001d8ee800 4733       4       java.awt.Container::adjustDecendantsOnParent (16 bytes)
Event: 3860.618 Thread 0x000000001d8ee800 nmethod 4733 0x000000000379c790 code [0x000000000379c8e0, 0x000000000379c998]
Event: 3876.109 Thread 0x000000001d8f9800 4734   !   3       java.awt.KeyboardFocusManager::getFocusedWindow (42 bytes)
Event: 3876.109 Thread 0x000000001d8f9800 nmethod 4734 0x000000000379c010 code [0x000000000379c1a0, 0x000000000379c628]

GC Heap History (10 events):
Event: 2360.158 GC heap before
{Heap before GC invocations=176 (full 1):
 PSYoungGen      total 339968K, used 339830K [0x000000076af80000, 0x00000007b4800000, 0x00000007c0000000)
  eden space 339456K, 100% used [0x000000076af80000,0x000000077fb00000,0x000000077fb00000)
  from space 512K, 73% used [0x00000007b4780000,0x00000007b47dd9b8,0x00000007b4800000)
  to   space 512K, 0% used [0x00000007b4700000,0x00000007b4700000,0x00000007b4780000)
 ParOldGen       total 129024K, used 66687K [0x00000006c0e00000, 0x00000006c8c00000, 0x000000076af80000)
  object space 129024K, 51% used [0x00000006c0e00000,0x00000006c4f1feb8,0x00000006c8c00000)
 Metaspace       used 22787K, capacity 23074K, committed 23296K, reserved 1071104K
  class space    used 2446K, capacity 2525K, committed 2560K, reserved 1048576K
Event: 2360.159 GC heap after
Heap after GC invocations=176 (full 1):
 PSYoungGen      total 326144K, used 272K [0x000000076af80000, 0x00000007b4800000, 0x00000007c0000000)
  eden space 325632K, 0% used [0x000000076af80000,0x000000076af80000,0x000000077ed80000)
  from space 512K, 53% used [0x00000007b4700000,0x00000007b47440a0,0x00000007b4780000)
  to   space 512K, 0% used [0x00000007b4780000,0x00000007b4780000,0x00000007b4800000)
 ParOldGen       total 129024K, used 66879K [0x00000006c0e00000, 0x00000006c8c00000, 0x000000076af80000)
  object space 129024K, 51% used [0x00000006c0e00000,0x00000006c4f4ff78,0x00000006c8c00000)
 Metaspace       used 22787K, capacity 23074K, committed 23296K, reserved 1071104K
  class space    used 2446K, capacity 2525K, committed 2560K, reserved 1048576K
}
Event: 2624.035 GC heap before
{Heap before GC invocations=177 (full 1):
 PSYoungGen      total 326144K, used 325904K [0x000000076af80000, 0x00000007b4800000, 0x00000007c0000000)
  eden space 325632K, 100% used [0x000000076af80000,0x000000077ed80000,0x000000077ed80000)
  from space 512K, 53% used [0x00000007b4700000,0x00000007b47440a0,0x00000007b4780000)
  to   space 512K, 0% used [0x00000007b4780000,0x00000007b4780000,0x00000007b4800000)
 ParOldGen       total 129024K, used 66879K [0x00000006c0e00000, 0x00000006c8c00000, 0x000000076af80000)
  object space 129024K, 51% used [0x00000006c0e00000,0x00000006c4f4ff78,0x00000006c8c00000)
 Metaspace       used 22917K, capacity 23202K, committed 23552K, reserved 1071104K
  class space    used 2449K, capacity 2525K, committed 2560K, reserved 1048576K
Event: 2624.037 GC heap after
Heap after GC invocations=177 (full 1):
 PSYoungGen      total 312832K, used 342K [0x000000076af80000, 0x00000007b4800000, 0x00000007c0000000)
  eden space 312320K, 0% used [0x000000076af80000,0x000000076af80000,0x000000077e080000)
  from space 512K, 66% used [0x00000007b4780000,0x00000007b47d59b8,0x00000007b4800000)
  to   space 512K, 0% used [0x00000007b4700000,0x00000007b4700000,0x00000007b4780000)
 ParOldGen       total 129024K, used 66887K [0x00000006c0e00000, 0x00000006c8c00000, 0x000000076af80000)
  object space 129024K, 51% used [0x00000006c0e00000,0x00000006c4f51f78,0x00000006c8c00000)
 Metaspace       used 22917K, capacity 23202K, committed 23552K, reserved 1071104K
  class space    used 2449K, capacity 2525K, committed 2560K, reserved 1048576K
}
Event: 2624.150 GC heap before
{Heap before GC invocations=178 (full 1):
 PSYoungGen      total 312832K, used 312662K [0x000000076af80000, 0x00000007b4800000, 0x00000007c0000000)
  eden space 312320K, 100% used [0x000000076af80000,0x000000077e080000,0x000000077e080000)
  from space 512K, 66% used [0x00000007b4780000,0x00000007b47d59b8,0x00000007b4800000)
  to   space 512K, 0% used [0x00000007b4700000,0x00000007b4700000,0x00000007b4780000)
 ParOldGen       total 129024K, used 66887K [0x00000006c0e00000, 0x00000006c8c00000, 0x000000076af80000)
  object space 129024K, 51% used [0x00000006c0e00000,0x00000006c4f51f78,0x00000006c8c00000)
 Metaspace       used 22917K, capacity 23202K, committed 23552K, reserved 1071104K
  class space    used 2449K, capacity 2525K, committed 2560K, reserved 1048576K
Event: 2624.151 GC heap after
Heap after GC invocations=178 (full 1):
 PSYoungGen      total 300032K, used 195K [0x000000076af80000, 0x00000007b4800000, 0x00000007c0000000)
  eden space 299520K, 0% used [0x000000076af80000,0x000000076af80000,0x000000077d400000)
  from space 512K, 38% used [0x00000007b4700000,0x00000007b4730f10,0x00000007b4780000)
  to   space 512K, 0% used [0x00000007b4780000,0x00000007b4780000,0x00000007b4800000)
 ParOldGen       total 129024K, used 67083K [0x00000006c0e00000, 0x00000006c8c00000, 0x000000076af80000)
  object space 129024K, 51% used [0x00000006c0e00000,0x00000006c4f82ce0,0x00000006c8c00000)
 Metaspace       used 22917K, capacity 23202K, committed 23552K, reserved 1071104K
  class space    used 2449K, capacity 2525K, committed 2560K, reserved 1048576K
}
Event: 3342.355 GC heap before
{Heap before GC invocations=179 (full 1):
 PSYoungGen      total 300032K, used 299715K [0x000000076af80000, 0x00000007b4800000, 0x00000007c0000000)
  eden space 299520K, 100% used [0x000000076af80000,0x000000077d400000,0x000000077d400000)
  from space 512K, 38% used [0x00000007b4700000,0x00000007b4730f10,0x00000007b4780000)
  to   space 512K, 0% used [0x00000007b4780000,0x00000007b4780000,0x00000007b4800000)
 ParOldGen       total 129024K, used 67083K [0x00000006c0e00000, 0x00000006c8c00000, 0x000000076af80000)
  object space 129024K, 51% used [0x00000006c0e00000,0x00000006c4f82ce0,0x00000006c8c00000)
 Metaspace       used 22980K, capacity 23266K, committed 23552K, reserved 1071104K
  class space    used 2451K, capacity 2525K, committed 2560K, reserved 1048576K
Event: 3342.356 GC heap after
Heap after GC invocations=179 (full 1):
 PSYoungGen      total 288256K, used 282K [0x000000076af80000, 0x00000007b4800000, 0x00000007c0000000)
  eden space 287744K, 0% used [0x000000076af80000,0x000000076af80000,0x000000077c880000)
  from space 512K, 55% used [0x00000007b4780000,0x00000007b47c6be0,0x00000007b4800000)
  to   space 512K, 0% used [0x00000007b4700000,0x00000007b4700000,0x00000007b4780000)
 ParOldGen       total 129024K, used 67099K [0x00000006c0e00000, 0x00000006c8c00000, 0x000000076af80000)
  object space 129024K, 52% used [0x00000006c0e00000,0x00000006c4f86ce0,0x00000006c8c00000)
 Metaspace       used 22980K, capacity 23266K, committed 23552K, reserved 1071104K
  class space    used 2451K, capacity 2525K, committed 2560K, reserved 1048576K
}
Event: 3342.463 GC heap before
{Heap before GC invocations=180 (full 1):
 PSYoungGen      total 288256K, used 288026K [0x000000076af80000, 0x00000007b4800000, 0x00000007c0000000)
  eden space 287744K, 100% used [0x000000076af80000,0x000000077c880000,0x000000077c880000)
  from space 512K, 55% used [0x00000007b4780000,0x00000007b47c6be0,0x00000007b4800000)
  to   space 512K, 0% used [0x00000007b4700000,0x00000007b4700000,0x00000007b4780000)
 ParOldGen       total 129024K, used 67099K [0x00000006c0e00000, 0x00000006c8c00000, 0x000000076af80000)
  object space 129024K, 52% used [0x00000006c0e00000,0x00000006c4f86ce0,0x00000006c8c00000)
 Metaspace       used 22980K, capacity 23266K, committed 23552K, reserved 1071104K
  class space    used 2451K, capacity 2525K, committed 2560K, reserved 1048576K
Event: 3342.464 GC heap after
Heap after GC invocations=180 (full 1):
 PSYoungGen      total 276992K, used 222K [0x000000076af80000, 0x00000007b4800000, 0x00000007c0000000)
  eden space 276480K, 0% used [0x000000076af80000,0x000000076af80000,0x000000077bd80000)
  from space 512K, 43% used [0x00000007b4700000,0x00000007b4737a98,0x00000007b4780000)
  to   space 512K, 0% used [0x00000007b4780000,0x00000007b4780000,0x00000007b4800000)
 ParOldGen       total 129024K, used 67208K [0x00000006c0e00000, 0x00000006c8c00000, 0x000000076af80000)
  object space 129024K, 52% used [0x00000006c0e00000,0x00000006c4fa2038,0x00000006c8c00000)
 Metaspace       used 22980K, capacity 23266K, committed 23552K, reserved 1071104K
  class space    used 2451K, capacity 2525K, committed 2560K, reserved 1048576K
}

Deoptimization events (10 events):
Event: 255.135 Thread 0x00000000201a1800 Uncommon trap: reason=unstable_if action=reinterpret pc=0x0000000002af46e0 method=java.util.Vector.removeElementAt(I)V @ 75
Event: 256.382 Thread 0x000000002021f000 Uncommon trap: reason=unstable_if action=reinterpret pc=0x00000000036eb568 method=javax.swing.text.GapContent.createPosition(I)Ljavax/swing/text/Position; @ 7
Event: 1293.461 Thread 0x000000002021f000 Uncommon trap: reason=unstable_if action=reinterpret pc=0x000000000363da2c method=java.util.Formatter$FormatSpecifier.checkNumeric()V @ 5
Event: 1293.461 Thread 0x000000002021f000 Uncommon trap: reason=unstable_if action=reinterpret pc=0x0000000003531c58 method=java.util.Formatter$FormatSpecifier.adjustWidth(ILjava/util/Formatter$Flags;Z)I @ 6
Event: 1293.461 Thread 0x000000002021f000 Uncommon trap: reason=unstable_if action=reinterpret pc=0x00000000035417e8 method=java.util.Formatter$FormatSpecifier.localizedMagnitude(Ljava/lang/StringBuilder;[CLjava/util/Formatter$Flags;ILjava/util/Locale;)Ljava/lang/StringBuilder; @ 284
Event: 1293.461 Thread 0x000000002021f000 Uncommon trap: reason=unstable_if action=reinterpret pc=0x0000000003604e78 method=java.util.Formatter$FormatSpecifier.checkNumeric()V @ 5
Event: 1293.461 Thread 0x000000002021f000 Uncommon trap: reason=unstable_if action=reinterpret pc=0x0000000002c27b74 method=java.util.Formatter$FormatSpecifier.checkNumeric()V @ 5
Event: 1329.404 Thread 0x000000002049e800 Uncommon trap: reason=unstable_if action=reinterpret pc=0x0000000002e90cec method=sun.awt.PostEventQueue.flush()V @ 23
Event: 1330.314 Thread 0x000000002021f000 Uncommon trap: reason=unstable_if action=reinterpret pc=0x00000000033116d4 method=sun.java2d.pipe.Region.getIntersectionXYXY(IIII)Lsun/java2d/pipe/Region; @ 39
Event: 3385.458 Thread 0x000000002021f000 Uncommon trap: reason=unstable_if action=reinterpret pc=0x0000000002d74e6c method=javax.swing.tree.VariableHeightLayoutCache$TreeStateNode.isVisible()Z @ 29

Internal exceptions (10 events):
Event: 0.599 Thread 0x000000000048f800 Implicit null exception at 0x0000000002ab29a7 to 0x0000000002ab2c49
Event: 0.777 Thread 0x000000000048f800 Exception <a 'java/lang/NoClassDefFoundError': org/apache/log4j/Priority> (0x000000076bc4e0a8) thrown at [D:\re\workspace\8-2-build-windows-amd64-cygwin\jdk8u92\6642\hotspot\src\share\vm\classfile\systemDictionary.cpp, line 199]
Event: 0.816 Thread 0x0000000020296000 Exception <a 'java/io/FileNotFoundException'> (0x000000076b93c928) thrown at [D:\re\workspace\8-2-build-windows-amd64-cygwin\jdk8u92\6642\hotspot\src\share\vm\prims\jni.cpp, line 709]
Event: 19.481 Thread 0x000000002021f000 Implicit null exception at 0x0000000002c69bf1 to 0x0000000002c6bd61
Event: 19.481 Thread 0x000000002021f000 Implicit null exception at 0x0000000002f533d1 to 0x0000000002f54a85
Event: 67.224 Thread 0x000000002021f000 Implicit null exception at 0x0000000003465730 to 0x0000000003465761
Event: 67.224 Thread 0x000000002021f000 Implicit null exception at 0x0000000003453215 to 0x0000000003453265
Event: 92.221 Thread 0x000000002021f000 Implicit null exception at 0x0000000003534728 to 0x0000000003536491
Event: 96.870 Thread 0x000000002021f000 Implicit null exception at 0x0000000002f62a73 to 0x0000000002f65045
Event: 96.870 Thread 0x000000002021f000 Implicit null exception at 0x00000000032d0435 to 0x00000000032d209d

Events (10 events):
Event: 3381.971 Thread 0x000000001d8f9800 flushing nmethod 0x0000000002e11b50
Event: 3383.527 Thread 0x000000001d8f9800 flushing nmethod 0x0000000003514190
Event: 3384.178 Thread 0x000000001d8f9800 flushing nmethod 0x0000000003695a50
Event: 3385.458 Thread 0x000000002021f000 Uncommon trap: trap_request=0xffffff65 fr.pc=0x0000000002d74e6c
Event: 3385.458 Thread 0x000000002021f000 DEOPT PACKING pc=0x0000000002d74e6c sp=0x00000000225ecb60
Event: 3385.458 Thread 0x000000002021f000 DEOPT UNPACKING pc=0x000000000298582a sp=0x00000000225ecb08 mode 2
Event: 3699.338 Executing VM operation: ChangeBreakpoints
Event: 3699.339 Executing VM operation: ChangeBreakpoints done
Event: 4065.576 Executing VM operation: RedefineClasses
Event: 4065.609 Executing VM operation: RedefineClasses done


Dynamic libraries:
0x000000013f550000 - 0x000000013f587000 	C:\Program Files\Java\jdk1.8.0_92\bin\javaw.exe
0x00000000775a0000 - 0x000000007774a000 	C:\Windows\SYSTEM32\ntdll.dll
0x0000000077380000 - 0x000000007749f000 	C:\Windows\system32\kernel32.dll
0x000007fefd450000 - 0x000007fefd4ba000 	C:\Windows\system32\KERNELBASE.dll
0x000007fefd8d0000 - 0x000007fefd9ab000 	C:\Windows\system32\ADVAPI32.dll
0x000007fefe1f0000 - 0x000007fefe28f000 	C:\Windows\system32\msvcrt.dll
0x000007fefe1d0000 - 0x000007fefe1ef000 	C:\Windows\SYSTEM32\sechost.dll
0x000007fefdcd0000 - 0x000007fefddfd000 	C:\Windows\system32\RPCRT4.dll
0x00000000774a0000 - 0x000000007759a000 	C:\Windows\system32\USER32.dll
0x000007fefdc60000 - 0x000007fefdcc7000 	C:\Windows\system32\GDI32.dll
0x000007fefdf10000 - 0x000007fefdf1e000 	C:\Windows\system32\LPK.dll
0x000007fefd800000 - 0x000007fefd8ca000 	C:\Windows\system32\USP10.dll
0x000007fefba90000 - 0x000007fefbc84000 	C:\Windows\WinSxS\amd64_microsoft.windows.common-controls_6595b64144ccf1df_6.0.7601.18837_none_fa3b1e3d17594757\COMCTL32.dll
0x000007fefe2f0000 - 0x000007fefe361000 	C:\Windows\system32\SHLWAPI.dll
0x000007fefd1d0000 - 0x000007fefd227000 	C:\Windows\system32\apphelp.dll
0x000007feedb90000 - 0x000007feedbe1000 	C:\Windows\AppPatch\AppPatch64\AcGenral.DLL
0x000007fefd0f0000 - 0x000007fefd115000 	C:\Windows\system32\SspiCli.dll
0x000007fefda50000 - 0x000007fefdc53000 	C:\Windows\system32\ole32.dll
0x000007fefe670000 - 0x000007feff3f9000 	C:\Windows\system32\SHELL32.dll
0x000000006df00000 - 0x000000006df03000 	C:\Windows\system32\sfc.dll
0x000007fef4180000 - 0x000007fef4190000 	C:\Windows\system32\sfc_os.DLL
0x000007fefd320000 - 0x000007fefd33e000 	C:\Windows\system32\USERENV.dll
0x000007fefd2f0000 - 0x000007fefd2ff000 	C:\Windows\system32\profapi.dll
0x000007fefb4d0000 - 0x000007fefb4e8000 	C:\Windows\system32\dwmapi.dll
0x000007fef9420000 - 0x000007fef9438000 	C:\Windows\system32\MPR.dll
0x000007fefdfc0000 - 0x000007fefdfee000 	C:\Windows\system32\IMM32.DLL
0x000007fefde00000 - 0x000007fefdf09000 	C:\Windows\system32\MSCTF.dll
0x000000006d4f0000 - 0x000000006d5c2000 	C:\Program Files\Java\jdk1.8.0_92\jre\bin\msvcr100.dll
0x000000006fbe0000 - 0x0000000070476000 	C:\Program Files\Java\jdk1.8.0_92\jre\bin\server\jvm.dll
0x000007fef4d60000 - 0x000007fef4d69000 	C:\Windows\system32\WSOCK32.dll
0x000007feff400000 - 0x000007feff44d000 	C:\Windows\system32\WS2_32.dll
0x000007fefe370000 - 0x000007fefe378000 	C:\Windows\system32\NSI.dll
0x000007fefa470000 - 0x000007fefa4ab000 	C:\Windows\system32\WINMM.dll
0x000007fefc3b0000 - 0x000007fefc3bc000 	C:\Windows\system32\VERSION.dll
0x0000000077760000 - 0x0000000077767000 	C:\Windows\system32\PSAPI.DLL
0x0000000072020000 - 0x000000007202f000 	C:\Program Files\Java\jdk1.8.0_92\jre\bin\verify.dll
0x00000000713f0000 - 0x0000000071419000 	C:\Program Files\Java\jdk1.8.0_92\jre\bin\java.dll
0x000000006ebb0000 - 0x000000006ebe5000 	C:\Program Files\Java\jdk1.8.0_92\jre\bin\jdwp.dll
0x0000000072070000 - 0x0000000072078000 	C:\Program Files\Java\jdk1.8.0_92\jre\bin\npt.dll
0x0000000072000000 - 0x0000000072016000 	C:\Program Files\Java\jdk1.8.0_92\jre\bin\zip.dll
0x0000000071fc0000 - 0x0000000071fc9000 	C:\Program Files\Java\jdk1.8.0_92\jre\bin\dt_socket.dll
0x000007fefb0d0000 - 0x000007fefb0e5000 	C:\Windows\system32\NLAapi.dll
0x000007feef730000 - 0x000007feef745000 	C:\Windows\system32\napinsp.dll
0x000007feef710000 - 0x000007feef729000 	C:\Windows\system32\pnrpnsp.dll
0x000007fefca40000 - 0x000007fefca95000 	C:\Windows\System32\mswsock.dll
0x000007fefc8d0000 - 0x000007fefc92b000 	C:\Windows\system32\DNSAPI.dll
0x000007feef700000 - 0x000007feef70b000 	C:\Windows\System32\winrnr.dll
0x000007feef6f0000 - 0x000007feef700000 	C:\Windows\system32\wshbth.dll
0x0000000073c10000 - 0x0000000073c36000 	C:\Program Files\Bonjour\mdnsNSP.dll
0x000007fefb030000 - 0x000007fefb057000 	C:\Windows\system32\Iphlpapi.DLL
0x000007fefb020000 - 0x000007fefb02b000 	C:\Windows\system32\WINNSI.DLL
0x000007fefae90000 - 0x000007fefaee3000 	C:\Windows\System32\fwpuclnt.dll
0x000007fef9440000 - 0x000007fef9448000 	C:\Windows\system32\rasadhlp.dll
0x000007fefc6d0000 - 0x000007fefc6d7000 	C:\Windows\System32\wshtcpip.dll
0x000000005fe70000 - 0x0000000060008000 	C:\Program Files\Java\jdk1.8.0_92\jre\bin\awt.dll
0x000007fefd720000 - 0x000007fefd7f8000 	C:\Windows\system32\OLEAUT32.dll
0x000007fefb8b0000 - 0x000007fefb906000 	C:\Windows\system32\uxtheme.dll
0x000007fefd120000 - 0x000007fefd12f000 	C:\Windows\system32\CRYPTBASE.dll
0x000007fef4500000 - 0x000007fef46ff000 	C:\Windows\system32\d3d9.dll
0x000007fef4ae0000 - 0x000007fef4ae7000 	C:\Windows\system32\d3d8thk.dll
0x000007fee3ea0000 - 0x000007fee4f0b000 	C:\Windows\system32\nvd3dumx.dll
0x000007fee3a70000 - 0x000007fee3c27000 	C:\Windows\system32\nvspcap64.dll
0x000007fefdff0000 - 0x000007fefe1c7000 	C:\Windows\system32\SETUPAPI.dll
0x000007fefd360000 - 0x000007fefd396000 	C:\Windows\system32\CFGMGR32.dll
0x000007fefd670000 - 0x000007fefd68a000 	C:\Windows\system32\DEVOBJ.dll
0x000007fef1ab0000 - 0x000007fef1b21000 	C:\Windows\system32\WINHTTP.dll
0x000007fef1a40000 - 0x000007fef1aa4000 	C:\Windows\system32\webio.dll
0x000007fef9980000 - 0x000007fef9d34000 	C:\Windows\system32\nvapi64.dll
0x000007fefbe10000 - 0x000007fefbe3c000 	C:\Windows\system32\powrprof.dll
0x000007fee5ed0000 - 0x000007fee5fb1000 	C:\Program Files (x86)\NVIDIA Corporation\3D Vision\nvSCPAPI64.dll
0x000007fefd630000 - 0x000007fefd66b000 	C:\Windows\system32\WINTRUST.dll
0x000007fefd4c0000 - 0x000007fefd62d000 	C:\Windows\system32\CRYPT32.dll
0x000007fefd2e0000 - 0x000007fefd2ef000 	C:\Windows\system32\MSASN1.dll
0x000000006f1d0000 - 0x000000006f217000 	C:\Program Files\Java\jdk1.8.0_92\jre\bin\fontmanager.dll
0x000000006f130000 - 0x000000006f14a000 	C:\Program Files\Java\jdk1.8.0_92\jre\bin\net.dll
0x000007fefcd20000 - 0x000007fefcd27000 	C:\Windows\System32\wship6.dll
0x000000006eb90000 - 0x000000006eba1000 	C:\Program Files\Java\jdk1.8.0_92\jre\bin\nio.dll
0x000000006eb40000 - 0x000000006eb82000 	C:\Program Files\Java\jdk1.8.0_92\jre\bin\t2k.dll
0x000000006e600000 - 0x000000006e62a000 	C:\Program Files\Java\jdk1.8.0_92\jre\bin\dcpr.dll
0x000007fefccb0000 - 0x000007fefccc8000 	C:\Windows\system32\CRYPTSP.dll
0x000007fefc820000 - 0x000007fefc867000 	C:\Windows\system32\rsaenh.dll
0x000007fefae20000 - 0x000007fefae31000 	C:\Windows\system32\dhcpcsvc6.DLL
0x000007fefad90000 - 0x000007fefada8000 	C:\Windows\system32\dhcpcsvc.DLL
0x000007fefd9b0000 - 0x000007fefda49000 	C:\Windows\system32\CLBCatQ.DLL
0x000007fefb2f0000 - 0x000007fefb451000 	C:\Windows\system32\WindowsCodecs.dll
0x0000000072570000 - 0x0000000072586000 	C:\Program Files\Common Files\TortoiseOverlays\TortoiseOverlays.dll
0x0000000180000000 - 0x000000018007b000 	C:\Program Files\TortoiseHg\ThgShellx64.dll
0x000007fef7020000 - 0x000007fef733e000 	C:\Windows\system32\msi.dll
0x000007fef6ee0000 - 0x000007fef6f15000 	C:\Windows\system32\EhStorShell.dll
0x000007fefbc90000 - 0x000007fefbdbc000 	C:\Windows\system32\PROPSYS.dll
0x000007fef6e30000 - 0x000007fef6eb0000 	C:\Windows\system32\ntshrui.dll
0x000007fefcdc0000 - 0x000007fefcde3000 	C:\Windows\system32\srvcli.dll
0x000007fef7010000 - 0x000007fef701f000 	C:\Windows\system32\cscapi.dll
0x000007fefb0b0000 - 0x000007fefb0bb000 	C:\Windows\system32\slc.dll
0x000000006e5c0000 - 0x000000006e5f1000 	C:\Program Files\Java\jdk1.8.0_92\jre\bin\jpeg.dll
0x000007fef9e80000 - 0x000007fef9f20000 	C:\Windows\WinSxS\amd64_microsoft.windows.common-controls_6595b64144ccf1df_5.82.7601.18837_none_a4d981ff711297b6\comctl32.dll
0x000007fefb460000 - 0x000007fefb48d000 	C:\Windows\system32\ntmarta.dll
0x000007fefe290000 - 0x000007fefe2e2000 	C:\Windows\system32\WLDAP32.dll
0x000007fef5480000 - 0x000007fef561c000 	C:\Windows\system32\NetworkExplorer.dll
0x000007fef8500000 - 0x000007fef8534000 	C:\Windows\System32\shdocvw.dll
0x000007fef8200000 - 0x000007fef820a000 	C:\Windows\System32\drprov.dll
0x000007fefc650000 - 0x000007fefc68d000 	C:\Windows\System32\WINSTA.dll
0x000007fef41e0000 - 0x000007fef4202000 	C:\Windows\System32\ntlanman.dll
0x000007fef81e0000 - 0x000007fef81fd000 	C:\Windows\System32\davclnt.dll
0x000007fef6f20000 - 0x000007fef6f2a000 	C:\Windows\System32\DAVHLPR.dll
0x000007fefb160000 - 0x000007fefb175000 	C:\Windows\system32\wkscli.dll
0x000007fefb180000 - 0x000007fefb18c000 	C:\Windows\system32\netutils.dll
0x000007fee9110000 - 0x000007fee9381000 	C:\Windows\system32\wpdshext.dll
0x000007fefb690000 - 0x000007fefb8a6000 	C:\Windows\WinSxS\amd64_microsoft.windows.gdiplus_6595b64144ccf1df_1.1.7601.23407_none_14556c1e8b95d0b8\gdiplus.dll
0x000007feee260000 - 0x000007feee31d000 	C:\Windows\system32\PortableDeviceApi.dll
0x000007fef3f50000 - 0x000007fef3f77000 	C:\Windows\system32\EhStorAPI.dll
0x000007fef5640000 - 0x000007fef58cb000 	C:\Windows\System32\netshell.dll
0x000007fef1370000 - 0x000007fef1495000 	C:\Windows\system32\dbghelp.dll

VM Arguments:
jvm_args: -agentlib:jdwp=transport=dt_socket,suspend=y,address=localhost:59270 -Dfile.encoding=Cp1252 
java_command: controller.Sanimal
java_class_path (initial): C:\Users\David\Desktop\Software\Sanimal\Sanimal\bin;C:\Users\David\Desktop\Software\Sanimal\Sanimal\metadata-extractor-2.9.1.jar;C:\Users\David\Desktop\Software\Sanimal\Sanimal\xmpcore-5.1.2.jar;C:\Users\David\Desktop\Software\Sanimal\Sanimal\jxmapviewer2-2.3-SNAPSHOT.jar;C:\Users\David\Desktop\Software\Sanimal\Sanimal\commons-logging-1.2.jar;C:\Users\David\Desktop\Software\Sanimal\Sanimal\commons-lang3-3.4.jar;C:\Users\David\Desktop\Software\Sanimal\Sanimal\poi-3.14-20160307.jar
Launcher Type: SUN_STANDARD

Environment Variables:
PATH=C:\Program Files\Java\jdk1.8.0_92\jre\bin;C:/Program Files/Java/jre1.8.0_92/bin/server;C:/Program Files/Java/jre1.8.0_92/bin;C:/Program Files/Java/jre1.8.0_92/lib/amd64;C:\Python27\;C:\Python27\Scripts;C:\ProgramData\Oracle\Java\javapath;C:\Users\David\introcs\java\bin;C:\Program Files (x86)\Intel\iCLS Client\;C:\Program Files\Intel\iCLS Client\;C:\Windows\system32;C:\Windows;C:\Windows\System32\Wbem;C:\Windows\System32\WindowsPowerShell\v1.0\;C:\Program Files\Intel\Intel(R) Management Engine Components\DAL;C:\Program Files\Intel\Intel(R) Management Engine Components\IPT;C:\Program Files (x86)\Intel\Intel(R) Management Engine Components\DAL;C:\Program Files (x86)\Intel\Intel(R) Management Engine Components\IPT;C:\Program Files (x86)\Microsoft SQL Server\100\Tools\Binn\;C:\Program Files\Microsoft SQL Server\100\Tools\Binn\;C:\Program Files\Microsoft SQL Server\100\DTS\Binn\;C:\Program Files (x86)\Windows Kits\8.1\Windows Performance Toolkit\;C:\Program Files\Microsoft SQL Server\110\Tools\Binn\;C:\Program Files (x86)\QuickTime\QTSystem\;C:\Program Files\Microsoft SQL Server\120\Tools\Binn\;C:\Program Files (x86)\NVIDIA Corporation\PhysX\Common;C:\Program Files (x86)\Brackets\command;C:\Windows\system32\config\systemprofile\.dnx\bin;C:\Program Files\Microsoft DNX\Dnvm\;C:\Program Files\Microsoft SQL Server\130\Tools\Binn\;C:\Program Files\TortoiseHg\;C:\Users\David\AppData\Roaming\Python\Scripts;C:\Users\David\introcs\j3d\bin;C:\Users\David\introcs\bin;C:\Users\David\introcs\java\bin;C:\ProgramData\MinGW\bin;;C:\Program Files\Eclipse;
USERNAME=David
OS=Windows_NT
PROCESSOR_IDENTIFIER=Intel64 Family 6 Model 60 Stepping 3, GenuineIntel



---------------  S Y S T E M  ---------------

OS: Windows 7 , 64 bit Build 7601 (6.1.7601.23418)

CPU:total 8 (4 cores per cpu, 2 threads per core) family 6 model 60 stepping 3, cmov, cx8, fxsr, mmx, sse, sse2, sse3, ssse3, sse4.1, sse4.2, popcnt, avx, avx2, aes, clmul, erms, lzcnt, ht, tsc, tscinvbit, bmi1, bmi2

Memory: 4k page, physical 16713240k(7328236k free), swap 16998100k(7119400k free)

vm_info: Java HotSpot(TM) 64-Bit Server VM (25.92-b14) for windows-amd64 JRE (1.8.0_92-b14), built on Mar 31 2016 21:03:04 by "java_re" with MS VC++ 10.0 (VS2010)

time: Sun Jul 24 18:54:43 2016
elapsed time: 4065 seconds (0d 1h 7m 45s)

